[debug] [2021-03-18T11:16:17.242Z] ----------------------------------------------------------------------
[debug] [2021-03-18T11:16:17.243Z] Command:       /usr/local/bin/node /usr/local/bin/firebase emulators:start
[debug] [2021-03-18T11:16:17.243Z] CLI Version:   9.6.0
[debug] [2021-03-18T11:16:17.243Z] Platform:      darwin
[debug] [2021-03-18T11:16:17.244Z] Node Version:  v14.15.5
[debug] [2021-03-18T11:16:17.244Z] Time:          Thu Mar 18 2021 12:16:17 GMT+0100 (Central European Standard Time)
[debug] [2021-03-18T11:16:17.244Z] ----------------------------------------------------------------------
[debug] [2021-03-18T11:16:17.244Z] 
[debug] [2021-03-18T11:16:17.251Z] > command requires scopes: ["email","openid","https://www.googleapis.com/auth/cloudplatformprojects.readonly","https://www.googleapis.com/auth/firebase","https://www.googleapis.com/auth/cloud-platform"]
[debug] [2021-03-18T11:16:17.251Z] > authorizing via signed-in user
[info] i  emulators: Starting emulators: auth, functions, firestore, hosting {"metadata":{"emulator":{"name":"hub"},"message":"Starting emulators: auth, functions, firestore, hosting"}}
[debug] [2021-03-18T11:16:17.265Z] [hub] writing locator at /var/folders/8s/sv0vy1rd36x47lvv_k491t080000gn/T/hub-cultural-heritage-c8349.json
[warn] ⚠  functions: The following emulators are not running, calls to these services from the Functions emulator will affect production: database, pubsub {"metadata":{"emulator":{"name":"functions"},"message":"The following emulators are not running, calls to these services from the Functions emulator will affect production: \u001b[1mdatabase, pubsub\u001b[22m"}}
[warn] ⚠  Your requested "node" version "12" doesn't match your global version "14" {"metadata":{"emulator":{"name":"functions"},"message":"Your requested \"node\" version \"12\" doesn't match your global version \"14\""}}
[debug] [2021-03-18T11:16:17.288Z] defaultcredentials: writing to file /Users/alek/.config/firebase/alek_spectra-alarm_com_application_default_credentials.json
[debug] [2021-03-18T11:16:17.289Z] Setting GAC to /Users/alek/.config/firebase/alek_spectra-alarm_com_application_default_credentials.json {"metadata":{"emulator":{"name":"functions"},"message":"Setting GAC to /Users/alek/.config/firebase/alek_spectra-alarm_com_application_default_credentials.json"}}
[debug] [2021-03-18T11:16:17.291Z] >>> [apiv2][query] GET https://firebase.googleapis.com/v1beta1/projects/cultural-heritage-c8349/adminSdkConfig [none]
[debug] [2021-03-18T11:16:17.746Z] <<< [apiv2][status] GET https://firebase.googleapis.com/v1beta1/projects/cultural-heritage-c8349/adminSdkConfig 200
[debug] [2021-03-18T11:16:17.747Z] <<< [apiv2][body] GET https://firebase.googleapis.com/v1beta1/projects/cultural-heritage-c8349/adminSdkConfig {"projectId":"cultural-heritage-c8349","storageBucket":"cultural-heritage-c8349.appspot.com","locationId":"europe-west"}
[debug] [2021-03-18T11:16:17.892Z] Ignoring unsupported arg: projectId {"metadata":{"emulator":{"name":"firestore"},"message":"Ignoring unsupported arg: projectId"}}
[debug] [2021-03-18T11:16:17.893Z] Ignoring unsupported arg: auto_download {"metadata":{"emulator":{"name":"firestore"},"message":"Ignoring unsupported arg: auto_download"}}
[debug] [2021-03-18T11:16:17.893Z] Starting Firestore Emulator with command {"binary":"java","args":["-Dgoogle.cloud_firestore.debug_log_level=FINE","-Duser.language=en","-jar","/Users/alek/.cache/firebase/emulators/cloud-firestore-emulator-v1.11.12.jar","--host","localhost","--port",8080,"--rules","/Users/alek/Documents/GitHub/cultural-heritage/app/firestore.rules","--functions_emulator","localhost:5001"],"optionalArgs":["port","webchannel_port","host","rules","functions_emulator","seed_from_export"],"joinArgs":false} {"metadata":{"emulator":{"name":"firestore"},"message":"Starting Firestore Emulator with command {\"binary\":\"java\",\"args\":[\"-Dgoogle.cloud_firestore.debug_log_level=FINE\",\"-Duser.language=en\",\"-jar\",\"/Users/alek/.cache/firebase/emulators/cloud-firestore-emulator-v1.11.12.jar\",\"--host\",\"localhost\",\"--port\",8080,\"--rules\",\"/Users/alek/Documents/GitHub/cultural-heritage/app/firestore.rules\",\"--functions_emulator\",\"localhost:5001\"],\"optionalArgs\":[\"port\",\"webchannel_port\",\"host\",\"rules\",\"functions_emulator\",\"seed_from_export\"],\"joinArgs\":false}"}}
[info] i  firestore: Firestore Emulator logging to firestore-debug.log {"metadata":{"emulator":{"name":"firestore"},"message":"Firestore Emulator logging to \u001b[1mfirestore-debug.log\u001b[22m"}}
[debug] [2021-03-18T11:16:19.192Z] API endpoint: http://localhost: {"metadata":{"emulator":{"name":"firestore"},"message":"API endpoint: http://localhost:"}}
[debug] [2021-03-18T11:16:19.192Z] 8080
If you are using a library that supports the FIRESTORE_EMULATOR_HOST environment variable, run:

   export FIRESTORE_EMULATOR_HOST=localhost:8080

Dev App Server is now running.

 {"metadata":{"emulator":{"name":"firestore"},"message":"8080\nIf you are using a library that supports the FIRESTORE_EMULATOR_HOST environment variable, run:\n\n   export FIRESTORE_EMULATOR_HOST=localhost:8080\n\nDev App Server is now running.\n\n"}}
[debug] [2021-03-18T11:16:21.236Z] >>> [apiv2][query] GET https://firebase.googleapis.com/v1beta1/projects/cultural-heritage-c8349/webApps/-/config [none]
[debug] [2021-03-18T11:16:22.030Z] <<< [apiv2][status] GET https://firebase.googleapis.com/v1beta1/projects/cultural-heritage-c8349/webApps/-/config 200
[debug] [2021-03-18T11:16:22.031Z] <<< [apiv2][body] GET https://firebase.googleapis.com/v1beta1/projects/cultural-heritage-c8349/webApps/-/config {"projectId":"cultural-heritage-c8349","appId":"1:912111645361:web:9bcf169c9027775fc32890","storageBucket":"cultural-heritage-c8349.appspot.com","locationId":"europe-west","apiKey":"AIzaSyCYsnqACryxM-SCI0MVyY1aXjahynwOkQc","authDomain":"cultural-heritage-c8349.firebaseapp.com","messagingSenderId":"912111645361"}
[info] i  hosting: Serving hosting files from: src {"metadata":{"emulator":{"name":"hosting"},"message":"Serving hosting files from: \u001b[1msrc\u001b[22m"}}
[info] ✔  hosting: Local server: http://localhost:5000 {"metadata":{"emulator":{"name":"hosting"},"message":"Local server: \u001b[4m\u001b[1mhttp://localhost:5000\u001b[22m\u001b[24m"}}
[debug] [2021-03-18T11:16:22.107Z] Ignoring unsupported arg: auto_download {"metadata":{"emulator":{"name":"ui"},"message":"Ignoring unsupported arg: auto_download"}}
[debug] [2021-03-18T11:16:22.107Z] Ignoring unsupported arg: port {"metadata":{"emulator":{"name":"ui"},"message":"Ignoring unsupported arg: port"}}
[debug] [2021-03-18T11:16:22.107Z] Starting Emulator UI with command {"binary":"node","args":["/Users/alek/.cache/firebase/emulators/ui-v1.4.2/server.bundle.js"],"optionalArgs":[],"joinArgs":false} {"metadata":{"emulator":{"name":"ui"},"message":"Starting Emulator UI with command {\"binary\":\"node\",\"args\":[\"/Users/alek/.cache/firebase/emulators/ui-v1.4.2/server.bundle.js\"],\"optionalArgs\":[],\"joinArgs\":false}"}}
[info] i  ui: Emulator UI logging to ui-debug.log {"metadata":{"emulator":{"name":"ui"},"message":"Emulator UI logging to \u001b[1mui-debug.log\u001b[22m"}}
[debug] [2021-03-18T11:16:22.202Z] Web / API server started at http://localhost:4000
 {"metadata":{"emulator":{"name":"ui"},"message":"Web / API server started at http://localhost:4000\n"}}
[info] i  functions: Watching "/Users/alek/Documents/GitHub/cultural-heritage/app/functions" for Cloud Functions... {"metadata":{"emulator":{"name":"functions"},"message":"Watching \"/Users/alek/Documents/GitHub/cultural-heritage/app/functions\" for Cloud Functions..."}}
[debug] [2021-03-18T11:16:22.422Z] [worker-pool] addWorker(~diagnostic~) {"metadata":{"emulator":{"name":"functions"},"message":"[worker-pool] addWorker(~diagnostic~)"}}
[debug] [2021-03-18T11:16:22.423Z] [worker-pool] Adding worker with key ~diagnostic~, total=1 {"metadata":{"emulator":{"name":"functions"},"message":"[worker-pool] Adding worker with key ~diagnostic~, total=1"}}
[debug] [2021-03-18T11:16:22.423Z] [worker-pool] submitWork(triggerId=) {"metadata":{"emulator":{"name":"functions"},"message":"[worker-pool] submitWork(triggerId=)"}}
[debug] [2021-03-18T11:16:22.423Z] [worker-~diagnostic~-e76de78b-3bc6-4756-a2bd-79b037ea6024]: Assigning socketPath: /var/folders/8s/sv0vy1rd36x47lvv_k491t080000gn/T/fire_emu_38623.sock {"metadata":{"emulator":{"name":"functions"},"message":"[worker-~diagnostic~-e76de78b-3bc6-4756-a2bd-79b037ea6024]: Assigning socketPath: /var/folders/8s/sv0vy1rd36x47lvv_k491t080000gn/T/fire_emu_38623.sock"}}
[debug] [2021-03-18T11:16:22.424Z] [worker-~diagnostic~-e76de78b-3bc6-4756-a2bd-79b037ea6024]: BUSY {"metadata":{"emulator":{"name":"functions"},"message":"[worker-~diagnostic~-e76de78b-3bc6-4756-a2bd-79b037ea6024]: BUSY"}}
[debug] [2021-03-18T11:16:22.533Z] [runtime-status] [38623] Functions runtime initialized. {"cwd":"/Users/alek/Documents/GitHub/cultural-heritage/app/functions","node_version":"14.15.5"} {"metadata":{"emulator":{"name":"functions"},"message":"[runtime-status] [38623] Functions runtime initialized. {\"cwd\":\"/Users/alek/Documents/GitHub/cultural-heritage/app/functions\",\"node_version\":\"14.15.5\"}"}}
[debug] [2021-03-18T11:16:22.533Z] [runtime-status] [38623] Disabled runtime features: undefined {"metadata":{"emulator":{"name":"functions"},"message":"[runtime-status] [38623] Disabled runtime features: undefined"}}
[debug] [2021-03-18T11:16:22.536Z] [runtime-status] [38623] Resolved module firebase-admin {"declared":true,"installed":true,"version":"9.5.0","resolution":"/Users/alek/Documents/GitHub/cultural-heritage/app/functions/node_modules/firebase-admin/lib/index.js"} {"metadata":{"emulator":{"name":"functions"},"message":"[runtime-status] [38623] Resolved module firebase-admin {\"declared\":true,\"installed\":true,\"version\":\"9.5.0\",\"resolution\":\"/Users/alek/Documents/GitHub/cultural-heritage/app/functions/node_modules/firebase-admin/lib/index.js\"}"}}
[debug] [2021-03-18T11:16:22.536Z] [runtime-status] [38623] Resolved module firebase-functions {"declared":true,"installed":true,"version":"3.13.2","resolution":"/Users/alek/Documents/GitHub/cultural-heritage/app/functions/node_modules/firebase-functions/lib/index.js"} {"metadata":{"emulator":{"name":"functions"},"message":"[runtime-status] [38623] Resolved module firebase-functions {\"declared\":true,\"installed\":true,\"version\":\"3.13.2\",\"resolution\":\"/Users/alek/Documents/GitHub/cultural-heritage/app/functions/node_modules/firebase-functions/lib/index.js\"}"}}
[debug] [2021-03-18T11:16:22.538Z] [runtime-status] [38623] Resolved module firebase-functions {"declared":true,"installed":true,"version":"3.13.2","resolution":"/Users/alek/Documents/GitHub/cultural-heritage/app/functions/node_modules/firebase-functions/lib/index.js"} {"metadata":{"emulator":{"name":"functions"},"message":"[runtime-status] [38623] Resolved module firebase-functions {\"declared\":true,\"installed\":true,\"version\":\"3.13.2\",\"resolution\":\"/Users/alek/Documents/GitHub/cultural-heritage/app/functions/node_modules/firebase-functions/lib/index.js\"}"}}
[debug] [2021-03-18T11:16:22.539Z] [runtime-status] [38623] Outgoing network have been stubbed. [{"name":"http","status":"mocked"},{"name":"http","status":"mocked"},{"name":"https","status":"mocked"},{"name":"https","status":"mocked"},{"name":"net","status":"mocked"}] {"metadata":{"emulator":{"name":"functions"},"message":"[runtime-status] [38623] Outgoing network have been stubbed. [{\"name\":\"http\",\"status\":\"mocked\"},{\"name\":\"http\",\"status\":\"mocked\"},{\"name\":\"https\",\"status\":\"mocked\"},{\"name\":\"https\",\"status\":\"mocked\"},{\"name\":\"net\",\"status\":\"mocked\"}]"}}
[debug] [2021-03-18T11:16:22.539Z] [runtime-status] [38623] Resolved module firebase-functions {"declared":true,"installed":true,"version":"3.13.2","resolution":"/Users/alek/Documents/GitHub/cultural-heritage/app/functions/node_modules/firebase-functions/lib/index.js"} {"metadata":{"emulator":{"name":"functions"},"message":"[runtime-status] [38623] Resolved module firebase-functions {\"declared\":true,\"installed\":true,\"version\":\"3.13.2\",\"resolution\":\"/Users/alek/Documents/GitHub/cultural-heritage/app/functions/node_modules/firebase-functions/lib/index.js\"}"}}
[debug] [2021-03-18T11:16:22.566Z] [runtime-status] [38623] Checked functions.config() {"config":{}} {"metadata":{"emulator":{"name":"functions"},"message":"[runtime-status] [38623] Checked functions.config() {\"config\":{}}"}}
[debug] [2021-03-18T11:16:22.566Z] [runtime-status] [38623] firebase-functions has been stubbed. {"functionsResolution":{"declared":true,"installed":true,"version":"3.13.2","resolution":"/Users/alek/Documents/GitHub/cultural-heritage/app/functions/node_modules/firebase-functions/lib/index.js"}} {"metadata":{"emulator":{"name":"functions"},"message":"[runtime-status] [38623] firebase-functions has been stubbed. {\"functionsResolution\":{\"declared\":true,\"installed\":true,\"version\":\"3.13.2\",\"resolution\":\"/Users/alek/Documents/GitHub/cultural-heritage/app/functions/node_modules/firebase-functions/lib/index.js\"}}"}}
[debug] [2021-03-18T11:16:22.566Z] [runtime-status] [38623] Resolved module firebase-functions {"declared":true,"installed":true,"version":"3.13.2","resolution":"/Users/alek/Documents/GitHub/cultural-heritage/app/functions/node_modules/firebase-functions/lib/index.js"} {"metadata":{"emulator":{"name":"functions"},"message":"[runtime-status] [38623] Resolved module firebase-functions {\"declared\":true,\"installed\":true,\"version\":\"3.13.2\",\"resolution\":\"/Users/alek/Documents/GitHub/cultural-heritage/app/functions/node_modules/firebase-functions/lib/index.js\"}"}}
[debug] [2021-03-18T11:16:22.566Z] [runtime-status] [38623] Resolved module firebase-admin {"declared":true,"installed":true,"version":"9.5.0","resolution":"/Users/alek/Documents/GitHub/cultural-heritage/app/functions/node_modules/firebase-admin/lib/index.js"} {"metadata":{"emulator":{"name":"functions"},"message":"[runtime-status] [38623] Resolved module firebase-admin {\"declared\":true,\"installed\":true,\"version\":\"9.5.0\",\"resolution\":\"/Users/alek/Documents/GitHub/cultural-heritage/app/functions/node_modules/firebase-admin/lib/index.js\"}"}}
[debug] [2021-03-18T11:16:22.567Z] [runtime-status] [38623] Resolved module firebase-functions {"declared":true,"installed":true,"version":"3.13.2","resolution":"/Users/alek/Documents/GitHub/cultural-heritage/app/functions/node_modules/firebase-functions/lib/index.js"} {"metadata":{"emulator":{"name":"functions"},"message":"[runtime-status] [38623] Resolved module firebase-functions {\"declared\":true,\"installed\":true,\"version\":\"3.13.2\",\"resolution\":\"/Users/alek/Documents/GitHub/cultural-heritage/app/functions/node_modules/firebase-functions/lib/index.js\"}"}}
[debug] [2021-03-18T11:16:22.567Z] [runtime-status] [38623] firebase-admin has been stubbed. {"adminResolution":{"declared":true,"installed":true,"version":"9.5.0","resolution":"/Users/alek/Documents/GitHub/cultural-heritage/app/functions/node_modules/firebase-admin/lib/index.js"}} {"metadata":{"emulator":{"name":"functions"},"message":"[runtime-status] [38623] firebase-admin has been stubbed. {\"adminResolution\":{\"declared\":true,\"installed\":true,\"version\":\"9.5.0\",\"resolution\":\"/Users/alek/Documents/GitHub/cultural-heritage/app/functions/node_modules/firebase-admin/lib/index.js\"}}"}}
[info] ✔  functions[helloWorld]: http function initialized (http://localhost:5001/cultural-heritage-c8349/us-central1/helloWorld). {"metadata":{"emulator":{"name":"functions"},"message":"\u001b[1mhttp\u001b[22m function initialized (http://localhost:5001/cultural-heritage-c8349/us-central1/helloWorld)."}}
[info] 
┌─────────────────────────────────────────────────────────────┐
│ ✔  All emulators ready! It is now safe to connect your app. │
│ i  View Emulator UI at http://localhost:4000                │
└─────────────────────────────────────────────────────────────┘

┌────────────────┬────────────────┬─────────────────────────────────┐
│ Emulator       │ Host:Port      │ View in Emulator UI             │
├────────────────┼────────────────┼─────────────────────────────────┤
│ Authentication │ localhost:9099 │ http://localhost:4000/auth      │
├────────────────┼────────────────┼─────────────────────────────────┤
│ Functions      │ localhost:5001 │ http://localhost:4000/functions │
├────────────────┼────────────────┼─────────────────────────────────┤
│ Firestore      │ localhost:8080 │ http://localhost:4000/firestore │
├────────────────┼────────────────┼─────────────────────────────────┤
│ Hosting        │ localhost:5000 │ n/a                             │
└────────────────┴────────────────┴─────────────────────────────────┘
  Emulator Hub running at localhost:4400
  Other reserved ports: 4500

Issues? Report them at https://github.com/firebase/firebase-tools/issues and attach the *-debug.log files.
 
[debug] [2021-03-18T11:16:22.571Z] [worker-~diagnostic~-e76de78b-3bc6-4756-a2bd-79b037ea6024]: IDLE {"metadata":{"emulator":{"name":"functions"},"message":"[worker-~diagnostic~-e76de78b-3bc6-4756-a2bd-79b037ea6024]: IDLE"}}
[info] i  hosting: 127.0.0.1 - - [18/Mar/2021:11:16:25 +0000] "GET /__/firebase/init.js?useEmulator=true HTTP/1.1" 200 - "http://localhost:5000/" "Mozilla/5.0 (Macintosh; Intel Mac OS X 11_2_0) AppleWebKit/537.36 (KHTML, like Gecko) Chrome/89.0.4389.82 Safari/537.36" {"metadata":{"emulator":{"name":"hosting"},"message":"127.0.0.1 - - [18/Mar/2021:11:16:25 +0000] \"GET /__/firebase/init.js?useEmulator=true HTTP/1.1\" 200 - \"http://localhost:5000/\" \"Mozilla/5.0 (Macintosh; Intel Mac OS X 11_2_0) AppleWebKit/537.36 (KHTML, like Gecko) Chrome/89.0.4389.82 Safari/537.36\""}}
